<?xml version="1.0" encoding="UTF-8"?>
<!-- Generated by org.testng.reporters.JUnitXMLReporter -->
<testsuite ignored="1" hostname="LAPTOP-PSK043T1" failures="1" tests="2" name="Test" time="7.574" errors="0" timestamp="2024-08-26T22:29:52 CST">
  <testcase classname="page.util.BaseTest" name="@AfterMethod test" time="3.001">
    <failure type="java.lang.NullPointerException" message="Cannot invoke &amp;quot;org.openqa.selenium.WebDriver.quit()&amp;quot; because &amp;quot;this.driver&amp;quot; is null">
      <![CDATA[java.lang.NullPointerException: Cannot invoke "org.openqa.selenium.WebDriver.quit()" because "this.driver" is null
at page.util.BaseTest.test(BaseTest.java:31)
at java.base/java.util.ArrayList.forEach(ArrayList.java:1511)
... Removed 32 stack frames]]>
    </failure>
  </testcase> <!-- @AfterMethod test -->
  <testcase classname="page.tests.ValidateUserCantLoginInvalidUsername" name="validateUserCantLoginInvalidUsername" time="0.212"/>
  <testcase classname="page.tests.ValidateUserCanLoginSuccessfully" name="validateUserCanLoginSuccessfully" time="0.001">
    <failure type="java.lang.NullPointerException" message="Cannot invoke &amp;quot;org.openqa.selenium.WebDriver.get(String)&amp;quot; because &amp;quot;this.driver&amp;quot; is null">
      <![CDATA[java.lang.NullPointerException: Cannot invoke "org.openqa.selenium.WebDriver.get(String)" because "this.driver" is null
at page.object.LoginPage.navigate(LoginPage.java:39)
at page.tests.ValidateUserCanLoginSuccessfully.validateUserCanLoginSuccessfully(ValidateUserCanLoginSuccessfully.java:20)
at java.base/java.util.ArrayList.forEach(ArrayList.java:1511)
... Removed 27 stack frames]]>
    </failure>
  </testcase> <!-- validateUserCanLoginSuccessfully -->
  <testcase classname="page.util.BaseTest" name="@BeforeTest f" time="0.0">
    <ignored/>
  </testcase> <!-- @BeforeTest f -->
</testsuite> <!-- Test -->
