<?xml version="1.0" encoding="UTF-8"?>
<testng-results ignored="0" total="1" passed="1" failed="0" skipped="0">
  <reporter-output>
  </reporter-output>
  <suite started-at="2024-08-26T23:40:39 CST" name="Default suite" finished-at="2024-08-26T23:40:44 CST" duration-ms="4817">
    <groups>
    </groups>
    <test started-at="2024-08-26T23:40:39 CST" name="Default test" finished-at="2024-08-26T23:40:44 CST" duration-ms="4817">
      <class name="page.tests.ValidateUserCanLoginSuccessfully">
        <test-method is-config="true" signature="f()[pri:0, instance:page.tests.ValidateUserCanLoginSuccessfully@3d34d211]" started-at="2024-08-26T23:40:39 CST" name="f" finished-at="2024-08-26T23:40:40 CST" duration-ms="1416" status="PASS">
          <reporter-output>
          </reporter-output>
        </test-method> <!-- f -->
        <test-method signature="validateUserCanLoginSuccessfully()[pri:1, instance:page.tests.ValidateUserCanLoginSuccessfully@3d34d211]" started-at="2024-08-26T23:40:40 CST" name="validateUserCanLoginSuccessfully" finished-at="2024-08-26T23:40:41 CST" duration-ms="203" status="PASS">
          <reporter-output>
          </reporter-output>
        </test-method> <!-- validateUserCanLoginSuccessfully -->
        <test-method is-config="true" signature="test()[pri:0, instance:page.tests.ValidateUserCanLoginSuccessfully@3d34d211]" started-at="2024-08-26T23:40:41 CST" name="test" finished-at="2024-08-26T23:40:44 CST" duration-ms="3173" status="PASS">
          <reporter-output>
          </reporter-output>
        </test-method> <!-- test -->
      </class> <!-- page.tests.ValidateUserCanLoginSuccessfully -->
    </test> <!-- Default test -->
  </suite> <!-- Default suite -->
</testng-results>
